[debug] [2020-06-19T13:50:49.913Z] ----------------------------------------------------------------------
[debug] [2020-06-19T13:50:49.915Z] Command:       /Users/williamchandra/Documents/firebase /Users/williamchandra/.cache/firebase/tools/lib/node_modules/firebase-tools/lib/bin/firebase deploy
[debug] [2020-06-19T13:50:49.915Z] CLI Version:   8.4.3
[debug] [2020-06-19T13:50:49.916Z] Platform:      darwin
[debug] [2020-06-19T13:50:49.916Z] Node Version:  v12.16.1
[debug] [2020-06-19T13:50:49.921Z] Time:          Fri Jun 19 2020 20:50:49 GMT+0700 (Western Indonesia Time)
[debug] [2020-06-19T13:50:49.921Z] ----------------------------------------------------------------------
[debug] [2020-06-19T13:50:49.921Z] 
[debug] [2020-06-19T13:50:49.930Z] > command requires scopes: ["email","openid","https://www.googleapis.com/auth/cloudplatformprojects.readonly","https://www.googleapis.com/auth/firebase","https://www.googleapis.com/auth/cloud-platform"]
[debug] [2020-06-19T13:50:49.931Z] > authorizing via signed-in user
[debug] [2020-06-19T13:50:49.931Z] [iam] checking project bangkit-waste-recycle for permissions ["firebase.projects.get","firebasehosting.sites.update"]
[debug] [2020-06-19T13:50:49.934Z] >>> HTTP REQUEST POST https://cloudresourcemanager.googleapis.com/v1/projects/bangkit-waste-recycle:testIamPermissions  
 {"permissions":["firebase.projects.get","firebasehosting.sites.update"]}
[debug] [2020-06-19T13:50:51.316Z] <<< HTTP RESPONSE 200 {"content-type":"application/json; charset=UTF-8","vary":"X-Origin, Referer, Origin,Accept-Encoding","date":"Fri, 19 Jun 2020 13:50:51 GMT","server":"ESF","cache-control":"private","x-xss-protection":"0","x-frame-options":"SAMEORIGIN","x-content-type-options":"nosniff","server-timing":"gfet4t7; dur=937","alt-svc":"h3-28=\":443\"; ma=2592000,h3-27=\":443\"; ma=2592000,h3-25=\":443\"; ma=2592000,h3-T050=\":443\"; ma=2592000,h3-Q050=\":443\"; ma=2592000,h3-Q049=\":443\"; ma=2592000,h3-Q048=\":443\"; ma=2592000,h3-Q046=\":443\"; ma=2592000,h3-Q043=\":443\"; ma=2592000,quic=\":443\"; ma=2592000; v=\"46,43\"","accept-ranges":"none","transfer-encoding":"chunked"}
[debug] [2020-06-19T13:50:51.319Z] >>> HTTP REQUEST GET https://firebase.googleapis.com/v1beta1/projects/bangkit-waste-recycle  
 
[debug] [2020-06-19T13:50:51.882Z] <<< HTTP RESPONSE 200 {"content-type":"application/json; charset=UTF-8","vary":"X-Origin, Referer, Origin,Accept-Encoding","date":"Fri, 19 Jun 2020 13:50:51 GMT","server":"ESF","cache-control":"private","x-xss-protection":"0","x-frame-options":"SAMEORIGIN","x-content-type-options":"nosniff","alt-svc":"h3-28=\":443\"; ma=2592000,h3-27=\":443\"; ma=2592000,h3-25=\":443\"; ma=2592000,h3-T050=\":443\"; ma=2592000,h3-Q050=\":443\"; ma=2592000,h3-Q049=\":443\"; ma=2592000,h3-Q048=\":443\"; ma=2592000,h3-Q046=\":443\"; ma=2592000,h3-Q043=\":443\"; ma=2592000,quic=\":443\"; ma=2592000; v=\"46,43\"","accept-ranges":"none","transfer-encoding":"chunked"}
[info] 
[info] === Deploying to 'bangkit-waste-recycle'...
[info] 
[info] i  deploying hosting 
[debug] [2020-06-19T13:50:51.888Z] >>> HTTP REQUEST POST https://firebasehosting.googleapis.com/v1beta1/sites/bangkit-waste-recycle/versions  
 {"config":{"rewrites":[{"glob":"**","path":"/index.html"}]},"labels":{"deployment-tool":"cli-firebase"}}
[debug] [2020-06-19T13:50:53.972Z] <<< HTTP RESPONSE 200 {"content-type":"application/json; charset=UTF-8","vary":"X-Origin, Referer, Origin,Accept-Encoding","date":"Fri, 19 Jun 2020 13:50:53 GMT","server":"ESF","cache-control":"private","x-xss-protection":"0","x-frame-options":"SAMEORIGIN","x-content-type-options":"nosniff","alt-svc":"h3-28=\":443\"; ma=2592000,h3-27=\":443\"; ma=2592000,h3-25=\":443\"; ma=2592000,h3-T050=\":443\"; ma=2592000,h3-Q050=\":443\"; ma=2592000,h3-Q049=\":443\"; ma=2592000,h3-Q048=\":443\"; ma=2592000,h3-Q046=\":443\"; ma=2592000,h3-Q043=\":443\"; ma=2592000,quic=\":443\"; ma=2592000; v=\"46,43\"","accept-ranges":"none","transfer-encoding":"chunked"}
[info] i  hosting[bangkit-waste-recycle]: beginning deploy... 
[info] i  hosting[bangkit-waste-recycle]: found 34 files in build 
[debug] [2020-06-19T13:50:53.990Z] [hosting] hash cache [YnVpbGQ] not populated
[debug] [2020-06-19T13:50:54.870Z] [hosting] hash cache [YnVpbGQ] stored for 34 files
[debug] [2020-06-19T13:50:54.870Z] [hosting][hash queue][FINAL] {"max":869,"min":16,"avg":395.4117647058824,"active":0,"complete":34,"success":34,"errored":0,"retried":0,"total":34,"elapsed":880}
[debug] [2020-06-19T13:50:54.871Z] >>> HTTP REQUEST POST https://firebasehosting.googleapis.com/v1beta1/sites/bangkit-waste-recycle/versions/03e9bb7bd7c2aed8:populateFiles  
 <request body omitted>
[debug] [2020-06-19T13:50:56.533Z] <<< HTTP RESPONSE 200 {"content-type":"application/json; charset=UTF-8","vary":"X-Origin, Referer, Origin,Accept-Encoding","date":"Fri, 19 Jun 2020 13:50:56 GMT","server":"ESF","cache-control":"private","x-xss-protection":"0","x-frame-options":"SAMEORIGIN","x-content-type-options":"nosniff","alt-svc":"h3-28=\":443\"; ma=2592000,h3-27=\":443\"; ma=2592000,h3-25=\":443\"; ma=2592000,h3-T050=\":443\"; ma=2592000,h3-Q050=\":443\"; ma=2592000,h3-Q049=\":443\"; ma=2592000,h3-Q048=\":443\"; ma=2592000,h3-Q046=\":443\"; ma=2592000,h3-Q043=\":443\"; ma=2592000,quic=\":443\"; ma=2592000; v=\"46,43\"","accept-ranges":"none","transfer-encoding":"chunked"}
[debug] [2020-06-19T13:50:56.560Z] [hosting][populate queue][FINAL] {"max":1668,"min":1668,"avg":1668,"active":0,"complete":1,"success":1,"errored":0,"retried":0,"total":1,"elapsed":1691}
[debug] [2020-06-19T13:50:56.560Z] [hosting] uploads queued: 34
